2024-12-21-14:35:13
\set PROMPT1 '%[%033[1;32m%]%/ %n %`date '+%Y%m%d_%H:%M:%S'` %R%#%[%033[0m%] '
\set PROMPT2 '%[%033[1;32m%]%R%#%[%033[0m%] '
\timing on
Timing is on.
\set HISTSIZE 1000000
\pset pager off
Pager usage is off.
select version();
Time: 2.621 ms
\set PROMPT1 '%[%033[1;32m%]%/ %n %`date '+%Y%m%d_%H:%M:%S'` %R%#%[%033[0m%] '
\set PROMPT2 '%[%033[1;32m%]%R%#%[%033[0m%] '
\timing on
Timing is on.
\set HISTSIZE 1000000
\pset pager off
Pager usage is off.
set search_path to '$user', public;
Time: 1.905 ms
select * from pg_table_def
where schemaname not in ('pg_catalog')
order by schemaname, tablename, sortkey;
Time: 64.330 ms
\set PROMPT1 '%[%033[1;32m%]%/ %n %`date '+%Y%m%d_%H:%M:%S'` %R%#%[%033[0m%] '
\set PROMPT2 '%[%033[1;32m%]%R%#%[%033[0m%] '
\timing on
Timing is on.
\set HISTSIZE 1000000
\pset pager off
Pager usage is off.
select * from svv_table_info order by "schema", "table";
Time: 585.930 ms
\set PROMPT1 '%[%033[1;32m%]%/ %n %`date '+%Y%m%d_%H:%M:%S'` %R%#%[%033[0m%] '
\set PROMPT2 '%[%033[1;32m%]%R%#%[%033[0m%] '
\timing on
Timing is on.
\set HISTSIZE 1000000
\pset pager off
Pager usage is off.
select * from sys_query_history order by generic_query_hash, start_time;
Time: 6649.160 ms (00:06.649)
\set PROMPT1 '%[%033[1;32m%]%/ %n %`date '+%Y%m%d_%H:%M:%S'` %R%#%[%033[0m%] '
\set PROMPT2 '%[%033[1;32m%]%R%#%[%033[0m%] '
\timing on
Timing is on.
\set HISTSIZE 1000000
\pset pager off
Pager usage is off.
select a.*, b.* from sys_query_detail a, sys_query_explain b, sys_query_history c
	where  a.query_id = b.query_id
		and b.plan_node_id = a.plan_node_id
		and a.query_id = c.query_id
		and c.elapsed_time > 1000*1000*60*1
order by a.query_id, a.stream_id, a.segment_id, a.step_id;
Time: 1863.824 ms (00:01.864)
\set PROMPT1 '%[%033[1;32m%]%/ %n %`date '+%Y%m%d_%H:%M:%S'` %R%#%[%033[0m%] '
\set PROMPT2 '%[%033[1;32m%]%R%#%[%033[0m%] '
\timing on
Timing is on.
\set HISTSIZE 1000000
\pset pager off
Pager usage is off.
select a.*, b.xid, b.elapsed, b.starttime, b.endtime, b.aborted, b.source_query, b.concurrency_scaling_status_txt, b.from_sp_call, b.substring
from svl_query_metrics_summary a,svl_qlog b
where a.userid = b.userid
	and a.query = b.query
	and b.elapsed > 1000*1000*60*1
order by b.elapsed desc;
Time: 1193.723 ms (00:01.194)
\set PROMPT1 '%[%033[1;32m%]%/ %n %`date '+%Y%m%d_%H:%M:%S'` %R%#%[%033[0m%] '
\set PROMPT2 '%[%033[1;32m%]%R%#%[%033[0m%] '
\timing on
Timing is on.
\set HISTSIZE 1000000
\pset pager off
Pager usage is off.
select * from svl_query_metrics where query_execution_time > 60*1 order by userid, query, dimension;
Time: 376.123 ms
